{
  level: 'info',
  message: '*********** starting app ***********',
  label: 'main logger!',
  timestamp: '2021-08-05T11:56:14.041Z'
}
{
  level: 'info',
  message: '*********** starting app ***********',
  label: 'main logger!',
  timestamp: '2021-08-05T11:56:17.652Z'
}
{
  level: 'info',
  message: '*********** starting app ***********',
  label: 'main logger!',
  timestamp: '2021-08-05T12:10:56.583Z'
}
{
  level: 'info',
  message: '*********** starting app ***********',
  label: 'main logger!',
  timestamp: '2021-08-05T12:14:40.744Z'
}
{
  level: 'info',
  message: '*********** starting app ***********',
  label: 'main logger!',
  timestamp: '2021-08-05T12:14:42.588Z'
}
{
  level: 'info',
  message: '*********** starting app ***********',
  label: 'main logger!',
  timestamp: '2021-08-05T12:14:45.105Z'
}
{
  level: 'info',
  message: '*********** starting app ***********',
  label: 'main logger!',
  timestamp: '2021-08-05T12:31:56.692Z'
}
{
  level: 'info',
  message: '*********** starting app ***********',
  label: 'main logger!',
  timestamp: '2021-08-05T12:32:00.572Z'
}
{
  level: 'error',
  message: '*********** starting app ***********',
  label: 'main logger!',
  timestamp: '2021-08-05T12:32:35.064Z'
}
{
  level: 'info',
  message: '*********** starting app ***********',
  label: 'main logger!',
  timestamp: '2021-08-05T12:32:57.979Z'
}
{
  level: 'info',
  message: '*********** starting app ***********',
  label: 'main logger!',
  timestamp: '2021-08-05T12:58:13.194Z'
}
{
  level: 'info',
  message: '*********** starting app ***********',
  label: 'main logger!',
  timestamp: '2021-08-05T12:59:15.312Z'
}
{
  level: 'info',
  message: '*********** starting app ***********',
  label: 'main logger!',
  timestamp: '2021-08-05T12:59:17.101Z'
}
{
  level: 'info',
  message: '*********** starting app ***********',
  label: 'main logger!',
  timestamp: '2021-08-05T13:23:34.914Z'
}
{
  level: 'info',
  message: '*********** starting app ***********',
  label: 'main logger!',
  timestamp: '2021-08-05T13:23:37.185Z'
}
{
  level: 'info',
  message: '*********** starting app ***********',
  label: 'main logger!',
  timestamp: '2021-08-05T13:23:40.627Z'
}
{
  level: 'info',
  message: '*********** starting app ***********',
  label: 'main logger!',
  timestamp: '2021-08-05T13:23:44.020Z'
}
{
  level: 'info',
  message: '*********** starting app ***********',
  label: 'main logger!',
  timestamp: '2021-08-05T14:45:17.914Z'
}
{
  level: 'info',
  message: '*********** starting app ***********',
  label: 'main logger!',
  timestamp: '2021-08-05T14:45:20.900Z'
}
